This file contains any messages produced by compilers while
running configure, to aid debugging if configure makes a mistake.

It was created by libmodbus configure 3.1.6, which was
generated by GNU Autoconf 2.69.  Invocation command line was

  $ ./configure --prefix=/root/iot/common/libs/x64/

## --------- ##
## Platform. ##
## --------- ##

hostname = www.example.com
uname -m = x86_64
uname -r = 3.10.0-1160.el7.x86_64
uname -s = Linux
uname -v = #1 SMP Mon Oct 19 16:18:59 UTC 2020

/usr/bin/uname -p = x86_64
/bin/uname -X     = unknown

/bin/arch              = x86_64
/usr/bin/arch -k       = unknown
/usr/convex/getsysinfo = unknown
/usr/bin/hostinfo      = unknown
/bin/machine           = unknown
/usr/bin/oslevel       = unknown
/bin/universe          = unknown

PATH: /home/linuxbrew/.linuxbrew/Homebrew/bin
PATH: /home/linuxbrew/.linuxbrew/Homebrew/sbin
PATH: /usr/local/sbin
PATH: /usr/local/bin
PATH: /usr/sbin
PATH: /usr/bin
PATH: /usr/local/armtool/gcc-linaro-6.3.1-2017.02-x86_64_aarch64-linux-gnu/bin
PATH: /usr/local/cmake/bin
PATH: /usr/local/armtool/gcc-linaro-6.3.1-2017.02-x86_64_arm-linux-gnueabihf/bin
PATH: /usr/local/jdk1.8.0_144/bin
PATH: /root/go/bin
PATH: /root/bin


## ----------- ##
## Core tests. ##
## ----------- ##

configure:2641: checking for a BSD-compatible install
configure:2709: result: /usr/bin/install -c
configure:2720: checking whether build environment is sane
configure:2775: result: yes
configure:2926: checking for a thread-safe mkdir -p
configure:2965: result: /usr/bin/mkdir -p
configure:2972: checking for gawk
configure:2988: found /usr/bin/gawk
configure:2999: result: gawk
configure:3010: checking whether make sets $(MAKE)
configure:3032: result: yes
configure:3061: checking whether make supports nested variables
configure:3078: result: yes
configure:3157: checking how to create a pax tar archive
configure:3168: tar --version
tar (GNU tar) 1.26
Copyright (C) 2011 Free Software Foundation, Inc.
License GPLv3+: GNU GPL version 3 or later <http://gnu.org/licenses/gpl.html>.
This is free software: you are free to change and redistribute it.
There is NO WARRANTY, to the extent permitted by law.

Written by John Gilmore and Jay Fenlason.
configure:3171: $? = 0
configure:3211: tardir=conftest.dir && eval tar --format=posix -chf - "$tardir" >conftest.tar
configure:3214: $? = 0
configure:3218: tar -xf - <conftest.tar
configure:3221: $? = 0
configure:3223: cat conftest.dir/file
GrepMe
configure:3226: $? = 0
configure:3239: result: gnutar
configure:3259: checking for style of include used by make
configure:3287: result: GNU
configure:3358: checking for gcc
configure:3374: found /usr/local/bin/gcc
configure:3385: result: gcc
configure:3614: checking for C compiler version
configure:3623: gcc --version >&5
gcc (GCC) 6.1.0
Copyright (C) 2016 Free Software Foundation, Inc.
This is free software; see the source for copying conditions.  There is NO
warranty; not even for MERCHANTABILITY or FITNESS FOR A PARTICULAR PURPOSE.

configure:3634: $? = 0
configure:3623: gcc -v >&5
Using built-in specs.
COLLECT_GCC=gcc
COLLECT_LTO_WRAPPER=/usr/local/libexec/gcc/x86_64-pc-linux-gnu/6.1.0/lto-wrapper
Target: x86_64-pc-linux-gnu
Configured with: ../gcc-6.1.0/configure -enable-checking=release -enable-languages=c,c++ -disable-multilib
Thread model: posix
gcc version 6.1.0 (GCC) 
configure:3634: $? = 0
configure:3623: gcc -V >&5
gcc: error: unrecognized command line option '-V'
gcc: fatal error: no input files
compilation terminated.
configure:3634: $? = 1
configure:3623: gcc -qversion >&5
gcc: error: unrecognized command line option '-qversion'; did you mean '--version'?
gcc: fatal error: no input files
compilation terminated.
configure:3634: $? = 1
configure:3654: checking whether the C compiler works
configure:3676: gcc    conftest.c  >&5
configure:3680: $? = 0
configure:3728: result: yes
configure:3731: checking for C compiler default output file name
configure:3733: result: a.out
configure:3739: checking for suffix of executables
configure:3746: gcc -o conftest    conftest.c  >&5
configure:3750: $? = 0
configure:3772: result: 
configure:3794: checking whether we are cross compiling
configure:3802: gcc -o conftest    conftest.c  >&5
configure:3806: $? = 0
configure:3813: ./conftest
configure:3817: $? = 0
configure:3832: result: no
configure:3837: checking for suffix of object files
configure:3859: gcc -c   conftest.c >&5
configure:3863: $? = 0
configure:3884: result: o
configure:3888: checking whether we are using the GNU C compiler
configure:3907: gcc -c   conftest.c >&5
configure:3907: $? = 0
configure:3916: result: yes
configure:3925: checking whether gcc accepts -g
configure:3945: gcc -c -g  conftest.c >&5
configure:3945: $? = 0
configure:3986: result: yes
configure:4003: checking for gcc option to accept ISO C89
configure:4066: gcc  -c -g -O2  conftest.c >&5
configure:4066: $? = 0
configure:4079: result: none needed
configure:4101: checking dependency style of gcc
configure:4212: result: gcc3
configure:4231: checking for gcc option to accept ISO C99
configure:4380: gcc  -c -g -O2  conftest.c >&5
configure:4380: $? = 0
configure:4393: result: none needed
configure:4501: checking for gcc option to accept ISO Standard C
configure:4512: result: none needed
configure:4525: checking how to run the C preprocessor
configure:4556: gcc -E  conftest.c
configure:4556: $? = 0
configure:4570: gcc -E  conftest.c
conftest.c:11:28: fatal error: ac_nonexistent.h: No such file or directory
 #include <ac_nonexistent.h>
                            ^
compilation terminated.
configure:4570: $? = 1
configure: failed program was:
| /* confdefs.h */
| #define PACKAGE_NAME "libmodbus"
| #define PACKAGE_TARNAME "libmodbus"
| #define PACKAGE_VERSION "3.1.6"
| #define PACKAGE_STRING "libmodbus 3.1.6"
| #define PACKAGE_BUGREPORT "https://github.com/stephane/libmodbus/issues"
| #define PACKAGE_URL "http://libmodbus.org/"
| #define PACKAGE "libmodbus"
| #define VERSION "3.1.6"
| /* end confdefs.h.  */
| #include <ac_nonexistent.h>
configure:4595: result: gcc -E
configure:4615: gcc -E  conftest.c
configure:4615: $? = 0
configure:4629: gcc -E  conftest.c
conftest.c:11:28: fatal error: ac_nonexistent.h: No such file or directory
 #include <ac_nonexistent.h>
                            ^
compilation terminated.
configure:4629: $? = 1
configure: failed program was:
| /* confdefs.h */
| #define PACKAGE_NAME "libmodbus"
| #define PACKAGE_TARNAME "libmodbus"
| #define PACKAGE_VERSION "3.1.6"
| #define PACKAGE_STRING "libmodbus 3.1.6"
| #define PACKAGE_BUGREPORT "https://github.com/stephane/libmodbus/issues"
| #define PACKAGE_URL "http://libmodbus.org/"
| #define PACKAGE "libmodbus"
| #define VERSION "3.1.6"
| /* end confdefs.h.  */
| #include <ac_nonexistent.h>
configure:4658: checking for grep that handles long lines and -e
configure:4716: result: /usr/bin/grep
configure:4721: checking for egrep
configure:4783: result: /usr/bin/grep -E
configure:4788: checking for ANSI C header files
configure:4808: gcc -c -g -O2  conftest.c >&5
configure:4808: $? = 0
configure:4881: gcc -o conftest -g -O2   conftest.c  >&5
configure:4881: $? = 0
configure:4881: ./conftest
configure:4881: $? = 0
configure:4892: result: yes
configure:4905: checking for sys/types.h
configure:4905: gcc -c -g -O2  conftest.c >&5
configure:4905: $? = 0
configure:4905: result: yes
configure:4905: checking for sys/stat.h
configure:4905: gcc -c -g -O2  conftest.c >&5
configure:4905: $? = 0
configure:4905: result: yes
configure:4905: checking for stdlib.h
configure:4905: gcc -c -g -O2  conftest.c >&5
configure:4905: $? = 0
configure:4905: result: yes
configure:4905: checking for string.h
configure:4905: gcc -c -g -O2  conftest.c >&5
configure:4905: $? = 0
configure:4905: result: yes
configure:4905: checking for memory.h
configure:4905: gcc -c -g -O2  conftest.c >&5
configure:4905: $? = 0
configure:4905: result: yes
configure:4905: checking for strings.h
configure:4905: gcc -c -g -O2  conftest.c >&5
configure:4905: $? = 0
configure:4905: result: yes
configure:4905: checking for inttypes.h
configure:4905: gcc -c -g -O2  conftest.c >&5
configure:4905: $? = 0
configure:4905: result: yes
configure:4905: checking for stdint.h
configure:4905: gcc -c -g -O2  conftest.c >&5
configure:4905: $? = 0
configure:4905: result: yes
configure:4905: checking for unistd.h
configure:4905: gcc -c -g -O2  conftest.c >&5
configure:4905: $? = 0
configure:4905: result: yes
configure:4918: checking minix/config.h usability
configure:4918: gcc -c -g -O2  conftest.c >&5
conftest.c:54:26: fatal error: minix/config.h: No such file or directory
 #include <minix/config.h>
                          ^
compilation terminated.
configure:4918: $? = 1
configure: failed program was:
| /* confdefs.h */
| #define PACKAGE_NAME "libmodbus"
| #define PACKAGE_TARNAME "libmodbus"
| #define PACKAGE_VERSION "3.1.6"
| #define PACKAGE_STRING "libmodbus 3.1.6"
| #define PACKAGE_BUGREPORT "https://github.com/stephane/libmodbus/issues"
| #define PACKAGE_URL "http://libmodbus.org/"
| #define PACKAGE "libmodbus"
| #define VERSION "3.1.6"
| #define STDC_HEADERS 1
| #define HAVE_SYS_TYPES_H 1
| #define HAVE_SYS_STAT_H 1
| #define HAVE_STDLIB_H 1
| #define HAVE_STRING_H 1
| #define HAVE_MEMORY_H 1
| #define HAVE_STRINGS_H 1
| #define HAVE_INTTYPES_H 1
| #define HAVE_STDINT_H 1
| #define HAVE_UNISTD_H 1
| /* end confdefs.h.  */
| #include <stdio.h>
| #ifdef HAVE_SYS_TYPES_H
| # include <sys/types.h>
| #endif
| #ifdef HAVE_SYS_STAT_H
| # include <sys/stat.h>
| #endif
| #ifdef STDC_HEADERS
| # include <stdlib.h>
| # include <stddef.h>
| #else
| # ifdef HAVE_STDLIB_H
| #  include <stdlib.h>
| # endif
| #endif
| #ifdef HAVE_STRING_H
| # if !defined STDC_HEADERS && defined HAVE_MEMORY_H
| #  include <memory.h>
| # endif
| # include <string.h>
| #endif
| #ifdef HAVE_STRINGS_H
| # include <strings.h>
| #endif
| #ifdef HAVE_INTTYPES_H
| # include <inttypes.h>
| #endif
| #ifdef HAVE_STDINT_H
| # include <stdint.h>
| #endif
| #ifdef HAVE_UNISTD_H
| # include <unistd.h>
| #endif
| #include <minix/config.h>
configure:4918: result: no
configure:4918: checking minix/config.h presence
configure:4918: gcc -E  conftest.c
conftest.c:21:26: fatal error: minix/config.h: No such file or directory
 #include <minix/config.h>
                          ^
compilation terminated.
configure:4918: $? = 1
configure: failed program was:
| /* confdefs.h */
| #define PACKAGE_NAME "libmodbus"
| #define PACKAGE_TARNAME "libmodbus"
| #define PACKAGE_VERSION "3.1.6"
| #define PACKAGE_STRING "libmodbus 3.1.6"
| #define PACKAGE_BUGREPORT "https://github.com/stephane/libmodbus/issues"
| #define PACKAGE_URL "http://libmodbus.org/"
| #define PACKAGE "libmodbus"
| #define VERSION "3.1.6"
| #define STDC_HEADERS 1
| #define HAVE_SYS_TYPES_H 1
| #define HAVE_SYS_STAT_H 1
| #define HAVE_STDLIB_H 1
| #define HAVE_STRING_H 1
| #define HAVE_MEMORY_H 1
| #define HAVE_STRINGS_H 1
| #define HAVE_INTTYPES_H 1
| #define HAVE_STDINT_H 1
| #define HAVE_UNISTD_H 1
| /* end confdefs.h.  */
| #include <minix/config.h>
configure:4918: result: no
configure:4918: checking for minix/config.h
configure:4918: result: no
configure:4939: checking whether it is safe to define __EXTENSIONS__
configure:4957: gcc -c -g -O2  conftest.c >&5
configure:4957: $? = 0
configure:4964: result: yes
configure:4985: checking for special C compiler options needed for large files
configure:5030: result: no
configure:5036: checking for _FILE_OFFSET_BITS value needed for large files
configure:5061: gcc -c -g -O2  conftest.c >&5
configure:5061: $? = 0
configure:5093: result: no
configure:5190: checking whether make supports nested variables
configure:5207: result: yes
configure:5240: checking build system type
configure:5254: result: x86_64-unknown-linux-gnu
configure:5274: checking host system type
configure:5287: result: x86_64-unknown-linux-gnu
configure:5386: checking how to print strings
configure:5413: result: printf
configure:5434: checking for a sed that does not truncate output
configure:5498: result: /usr/bin/sed
configure:5516: checking for fgrep
configure:5578: result: /usr/bin/grep -F
configure:5613: checking for ld used by gcc
configure:5680: result: /home/linuxbrew/.linuxbrew/Homebrew/bin/ld
configure:5687: checking if the linker (/home/linuxbrew/.linuxbrew/Homebrew/bin/ld) is GNU ld
configure:5702: result: yes
configure:5714: checking for BSD- or MS-compatible name lister (nm)
configure:5763: result: /home/linuxbrew/.linuxbrew/Homebrew/bin/nm -B
configure:5893: checking the name lister (/home/linuxbrew/.linuxbrew/Homebrew/bin/nm -B) interface
configure:5900: gcc -c -g -O2  conftest.c >&5
configure:5903: /home/linuxbrew/.linuxbrew/Homebrew/bin/nm -B "conftest.o"
configure:5906: output
0000000000000000 B some_variable
configure:5913: result: BSD nm
configure:5916: checking whether ln -s works
configure:5920: result: yes
configure:5928: checking the maximum length of command line arguments
configure:6058: result: 1572864
configure:6075: checking whether the shell understands some XSI constructs
configure:6085: result: yes
configure:6089: checking whether the shell understands "+="
configure:6095: result: yes
configure:6130: checking how to convert x86_64-unknown-linux-gnu file names to x86_64-unknown-linux-gnu format
configure:6170: result: func_convert_file_noop
configure:6177: checking how to convert x86_64-unknown-linux-gnu file names to toolchain format
configure:6197: result: func_convert_file_noop
configure:6204: checking for /home/linuxbrew/.linuxbrew/Homebrew/bin/ld option to reload object files
configure:6211: result: -r
configure:6285: checking for objdump
configure:6301: found /home/linuxbrew/.linuxbrew/Homebrew/bin/objdump
configure:6312: result: objdump
configure:6341: checking how to recognize dependent libraries
configure:6543: result: pass_all
configure:6628: checking for dlltool
configure:6644: found /home/linuxbrew/.linuxbrew/Homebrew/bin/dlltool
configure:6655: result: dlltool
configure:6685: checking how to associate runtime and link libraries
configure:6712: result: printf %s\n
configure:6772: checking for ar
configure:6788: found /home/linuxbrew/.linuxbrew/Homebrew/bin/ar
configure:6799: result: ar
configure:6836: checking for archiver @FILE support
configure:6853: gcc -c -g -O2  conftest.c >&5
configure:6853: $? = 0
configure:6856: ar cru libconftest.a @conftest.lst >&5
ar: `u' modifier ignored since `D' is the default (see `U')
configure:6859: $? = 0
configure:6864: ar cru libconftest.a @conftest.lst >&5
ar: `u' modifier ignored since `D' is the default (see `U')
ar: conftest.o: No such file or directory
configure:6867: $? = 1
configure:6879: result: @
configure:6937: checking for strip
configure:6953: found /home/linuxbrew/.linuxbrew/Homebrew/bin/strip
configure:6964: result: strip
configure:7036: checking for ranlib
configure:7052: found /home/linuxbrew/.linuxbrew/Homebrew/bin/ranlib
configure:7063: result: ranlib
configure:7165: checking command to parse /home/linuxbrew/.linuxbrew/Homebrew/bin/nm -B output from gcc object
configure:7285: gcc -c -g -O2  conftest.c >&5
configure:7288: $? = 0
configure:7292: /home/linuxbrew/.linuxbrew/Homebrew/bin/nm -B conftest.o \| sed -n -e 's/^.*[ ]\([ABCDGIRSTW][ABCDGIRSTW]*\)[ ][ ]*\([_A-Za-z][_A-Za-z0-9]*\)$/\1 \2 \2/p' | sed '/ __gnu_lto/d' \> conftest.nm
configure:7295: $? = 0
configure:7361: gcc -o conftest -g -O2   conftest.c conftstm.o >&5
configure:7364: $? = 0
configure:7402: result: ok
configure:7439: checking for sysroot
configure:7469: result: no
configure:7546: gcc -c -g -O2  conftest.c >&5
configure:7549: $? = 0
configure:7725: checking for mt
configure:7755: result: no
configure:7775: checking if : is a manifest tool
configure:7781: : '-?'
configure:7789: result: no
configure:8428: checking for dlfcn.h
configure:8428: gcc -c -g -O2  conftest.c >&5
configure:8428: $? = 0
configure:8428: result: yes
configure:8930: checking for objdir
configure:8945: result: .libs
configure:9216: checking if gcc supports -fno-rtti -fno-exceptions
configure:9234: gcc -c -g -O2  -fno-rtti -fno-exceptions conftest.c >&5
cc1: warning: command line option '-fno-rtti' is valid for C++/ObjC++ but not for C
configure:9238: $? = 0
configure:9251: result: no
configure:9578: checking for gcc option to produce PIC
configure:9585: result: -fPIC -DPIC
configure:9593: checking if gcc PIC flag -fPIC -DPIC works
configure:9611: gcc -c -g -O2  -fPIC -DPIC -DPIC conftest.c >&5
configure:9615: $? = 0
configure:9628: result: yes
configure:9657: checking if gcc static flag -static works
configure:9685: result: no
configure:9700: checking if gcc supports -c -o file.o
configure:9721: gcc -c -g -O2  -o out/conftest2.o conftest.c >&5
configure:9725: $? = 0
configure:9747: result: yes
configure:9755: checking if gcc supports -c -o file.o
configure:9802: result: yes
configure:9835: checking whether the gcc linker (/home/linuxbrew/.linuxbrew/Homebrew/bin/ld -m elf_x86_64) supports shared libraries
configure:10988: result: yes
configure:11025: checking whether -lc should be explicitly linked in
configure:11033: gcc -c -g -O2  conftest.c >&5
configure:11036: $? = 0
configure:11051: gcc -shared  -fPIC -DPIC conftest.o  -v -Wl,-soname -Wl,conftest -o conftest 2\>\&1 \| /usr/bin/grep  -lc  \>/dev/null 2\>\&1
configure:11054: $? = 0
configure:11068: result: no
configure:11228: checking dynamic linker characteristics
configure:11739: gcc -o conftest -g -O2   -Wl,-rpath -Wl,/foo conftest.c  >&5
configure:11739: $? = 0
configure:11965: result: GNU/Linux ld.so
configure:12072: checking how to hardcode library paths into programs
configure:12097: result: immediate
configure:12637: checking whether stripping libraries is possible
configure:12642: result: yes
configure:12677: checking if libtool supports shared libraries
configure:12679: result: yes
configure:12682: checking whether to build shared libraries
configure:12703: result: yes
configure:12706: checking whether to build static libraries
configure:12710: result: no
configure:12768: checking arpa/inet.h usability
configure:12768: gcc -c -g -O2  conftest.c >&5
configure:12768: $? = 0
configure:12768: result: yes
configure:12768: checking arpa/inet.h presence
configure:12768: gcc -E  conftest.c
configure:12768: $? = 0
configure:12768: result: yes
configure:12768: checking for arpa/inet.h
configure:12768: result: yes
configure:12768: checking byteswap.h usability
configure:12768: gcc -c -g -O2  conftest.c >&5
configure:12768: $? = 0
configure:12768: result: yes
configure:12768: checking byteswap.h presence
configure:12768: gcc -E  conftest.c
configure:12768: $? = 0
configure:12768: result: yes
configure:12768: checking for byteswap.h
configure:12768: result: yes
configure:12768: checking errno.h usability
configure:12768: gcc -c -g -O2  conftest.c >&5
configure:12768: $? = 0
configure:12768: result: yes
configure:12768: checking errno.h presence
configure:12768: gcc -E  conftest.c
configure:12768: $? = 0
configure:12768: result: yes
configure:12768: checking for errno.h
configure:12768: result: yes
configure:12768: checking fcntl.h usability
configure:12768: gcc -c -g -O2  conftest.c >&5
configure:12768: $? = 0
configure:12768: result: yes
configure:12768: checking fcntl.h presence
configure:12768: gcc -E  conftest.c
configure:12768: $? = 0
configure:12768: result: yes
configure:12768: checking for fcntl.h
configure:12768: result: yes
configure:12768: checking limits.h usability
configure:12768: gcc -c -g -O2  conftest.c >&5
configure:12768: $? = 0
configure:12768: result: yes
configure:12768: checking limits.h presence
configure:12768: gcc -E  conftest.c
configure:12768: $? = 0
configure:12768: result: yes
configure:12768: checking for limits.h
configure:12768: result: yes
configure:12768: checking linux/serial.h usability
configure:12768: gcc -c -g -O2  conftest.c >&5
configure:12768: $? = 0
configure:12768: result: yes
configure:12768: checking linux/serial.h presence
configure:12768: gcc -E  conftest.c
configure:12768: $? = 0
configure:12768: result: yes
configure:12768: checking for linux/serial.h
configure:12768: result: yes
configure:12768: checking netdb.h usability
configure:12768: gcc -c -g -O2  conftest.c >&5
configure:12768: $? = 0
configure:12768: result: yes
configure:12768: checking netdb.h presence
configure:12768: gcc -E  conftest.c
configure:12768: $? = 0
configure:12768: result: yes
configure:12768: checking for netdb.h
configure:12768: result: yes
configure:12768: checking netinet/in.h usability
configure:12768: gcc -c -g -O2  conftest.c >&5
configure:12768: $? = 0
configure:12768: result: yes
configure:12768: checking netinet/in.h presence
configure:12768: gcc -E  conftest.c
configure:12768: $? = 0
configure:12768: result: yes
configure:12768: checking for netinet/in.h
configure:12768: result: yes
configure:12768: checking netinet/tcp.h usability
configure:12768: gcc -c -g -O2  conftest.c >&5
configure:12768: $? = 0
configure:12768: result: yes
configure:12768: checking netinet/tcp.h presence
configure:12768: gcc -E  conftest.c
configure:12768: $? = 0
configure:12768: result: yes
configure:12768: checking for netinet/tcp.h
configure:12768: result: yes
configure:12768: checking sys/ioctl.h usability
configure:12768: gcc -c -g -O2  conftest.c >&5
configure:12768: $? = 0
configure:12768: result: yes
configure:12768: checking sys/ioctl.h presence
configure:12768: gcc -E  conftest.c
configure:12768: $? = 0
configure:12768: result: yes
configure:12768: checking for sys/ioctl.h
configure:12768: result: yes
configure:12768: checking sys/params.h usability
configure:12768: gcc -c -g -O2  conftest.c >&5
conftest.c:71:24: fatal error: sys/params.h: No such file or directory
 #include <sys/params.h>
                        ^
compilation terminated.
configure:12768: $? = 1
configure: failed program was:
| /* confdefs.h */
| #define PACKAGE_NAME "libmodbus"
| #define PACKAGE_TARNAME "libmodbus"
| #define PACKAGE_VERSION "3.1.6"
| #define PACKAGE_STRING "libmodbus 3.1.6"
| #define PACKAGE_BUGREPORT "https://github.com/stephane/libmodbus/issues"
| #define PACKAGE_URL "http://libmodbus.org/"
| #define PACKAGE "libmodbus"
| #define VERSION "3.1.6"
| #define STDC_HEADERS 1
| #define HAVE_SYS_TYPES_H 1
| #define HAVE_SYS_STAT_H 1
| #define HAVE_STDLIB_H 1
| #define HAVE_STRING_H 1
| #define HAVE_MEMORY_H 1
| #define HAVE_STRINGS_H 1
| #define HAVE_INTTYPES_H 1
| #define HAVE_STDINT_H 1
| #define HAVE_UNISTD_H 1
| #define __EXTENSIONS__ 1
| #define _ALL_SOURCE 1
| #define _GNU_SOURCE 1
| #define _POSIX_PTHREAD_SEMANTICS 1
| #define _TANDEM_SOURCE 1
| #define HAVE_DLFCN_H 1
| #define LT_OBJDIR ".libs/"
| #define HAVE_ARPA_INET_H 1
| #define HAVE_BYTESWAP_H 1
| #define HAVE_ERRNO_H 1
| #define HAVE_FCNTL_H 1
| #define HAVE_LIMITS_H 1
| #define HAVE_LINUX_SERIAL_H 1
| #define HAVE_NETDB_H 1
| #define HAVE_NETINET_IN_H 1
| #define HAVE_NETINET_TCP_H 1
| #define HAVE_SYS_IOCTL_H 1
| /* end confdefs.h.  */
| #include <stdio.h>
| #ifdef HAVE_SYS_TYPES_H
| # include <sys/types.h>
| #endif
| #ifdef HAVE_SYS_STAT_H
| # include <sys/stat.h>
| #endif
| #ifdef STDC_HEADERS
| # include <stdlib.h>
| # include <stddef.h>
| #else
| # ifdef HAVE_STDLIB_H
| #  include <stdlib.h>
| # endif
| #endif
| #ifdef HAVE_STRING_H
| # if !defined STDC_HEADERS && defined HAVE_MEMORY_H
| #  include <memory.h>
| # endif
| # include <string.h>
| #endif
| #ifdef HAVE_STRINGS_H
| # include <strings.h>
| #endif
| #ifdef HAVE_INTTYPES_H
| # include <inttypes.h>
| #endif
| #ifdef HAVE_STDINT_H
| # include <stdint.h>
| #endif
| #ifdef HAVE_UNISTD_H
| # include <unistd.h>
| #endif
| #include <sys/params.h>
configure:12768: result: no
configure:12768: checking sys/params.h presence
configure:12768: gcc -E  conftest.c
conftest.c:38:24: fatal error: sys/params.h: No such file or directory
 #include <sys/params.h>
                        ^
compilation terminated.
configure:12768: $? = 1
configure: failed program was:
| /* confdefs.h */
| #define PACKAGE_NAME "libmodbus"
| #define PACKAGE_TARNAME "libmodbus"
| #define PACKAGE_VERSION "3.1.6"
| #define PACKAGE_STRING "libmodbus 3.1.6"
| #define PACKAGE_BUGREPORT "https://github.com/stephane/libmodbus/issues"
| #define PACKAGE_URL "http://libmodbus.org/"
| #define PACKAGE "libmodbus"
| #define VERSION "3.1.6"
| #define STDC_HEADERS 1
| #define HAVE_SYS_TYPES_H 1
| #define HAVE_SYS_STAT_H 1
| #define HAVE_STDLIB_H 1
| #define HAVE_STRING_H 1
| #define HAVE_MEMORY_H 1
| #define HAVE_STRINGS_H 1
| #define HAVE_INTTYPES_H 1
| #define HAVE_STDINT_H 1
| #define HAVE_UNISTD_H 1
| #define __EXTENSIONS__ 1
| #define _ALL_SOURCE 1
| #define _GNU_SOURCE 1
| #define _POSIX_PTHREAD_SEMANTICS 1
| #define _TANDEM_SOURCE 1
| #define HAVE_DLFCN_H 1
| #define LT_OBJDIR ".libs/"
| #define HAVE_ARPA_INET_H 1
| #define HAVE_BYTESWAP_H 1
| #define HAVE_ERRNO_H 1
| #define HAVE_FCNTL_H 1
| #define HAVE_LIMITS_H 1
| #define HAVE_LINUX_SERIAL_H 1
| #define HAVE_NETDB_H 1
| #define HAVE_NETINET_IN_H 1
| #define HAVE_NETINET_TCP_H 1
| #define HAVE_SYS_IOCTL_H 1
| /* end confdefs.h.  */
| #include <sys/params.h>
configure:12768: result: no
configure:12768: checking for sys/params.h
configure:12768: result: no
configure:12768: checking sys/socket.h usability
configure:12768: gcc -c -g -O2  conftest.c >&5
configure:12768: $? = 0
configure:12768: result: yes
configure:12768: checking sys/socket.h presence
configure:12768: gcc -E  conftest.c
configure:12768: $? = 0
configure:12768: result: yes
configure:12768: checking for sys/socket.h
configure:12768: result: yes
configure:12768: checking sys/time.h usability
configure:12768: gcc -c -g -O2  conftest.c >&5
configure:12768: $? = 0
configure:12768: result: yes
configure:12768: checking sys/time.h presence
configure:12768: gcc -E  conftest.c
configure:12768: $? = 0
configure:12768: result: yes
configure:12768: checking for sys/time.h
configure:12768: result: yes
configure:12768: checking for sys/types.h
configure:12768: result: yes
configure:12768: checking termios.h usability
configure:12768: gcc -c -g -O2  conftest.c >&5
configure:12768: $? = 0
configure:12768: result: yes
configure:12768: checking termios.h presence
configure:12768: gcc -E  conftest.c
configure:12768: $? = 0
configure:12768: result: yes
configure:12768: checking for termios.h
configure:12768: result: yes
configure:12768: checking time.h usability
configure:12768: gcc -c -g -O2  conftest.c >&5
configure:12768: $? = 0
configure:12768: result: yes
configure:12768: checking time.h presence
configure:12768: gcc -E  conftest.c
configure:12768: $? = 0
configure:12768: result: yes
configure:12768: checking for time.h
configure:12768: result: yes
configure:12768: checking for unistd.h
configure:12768: result: yes
configure:12797: checking for asciidoc
configure:12825: result: no
configure:12835: checking for xmlto
configure:12863: result: no
configure:12876: checking whether to build documentation
configure:12878: result: no
configure:12881: WARNING: The tools to build the documentation aren't installed
configure:12896: checking whether __CYGWIN__ is declared
configure:12896: gcc -c -g -O2  conftest.c >&5
conftest.c: In function 'main':
conftest.c:84:10: error: '__CYGWIN__' undeclared (first use in this function)
   (void) __CYGWIN__;
          ^~~~~~~~~~
conftest.c:84:10: note: each undeclared identifier is reported only once for each function it appears in
configure:12896: $? = 1
configure: failed program was:
| /* confdefs.h */
| #define PACKAGE_NAME "libmodbus"
| #define PACKAGE_TARNAME "libmodbus"
| #define PACKAGE_VERSION "3.1.6"
| #define PACKAGE_STRING "libmodbus 3.1.6"
| #define PACKAGE_BUGREPORT "https://github.com/stephane/libmodbus/issues"
| #define PACKAGE_URL "http://libmodbus.org/"
| #define PACKAGE "libmodbus"
| #define VERSION "3.1.6"
| #define STDC_HEADERS 1
| #define HAVE_SYS_TYPES_H 1
| #define HAVE_SYS_STAT_H 1
| #define HAVE_STDLIB_H 1
| #define HAVE_STRING_H 1
| #define HAVE_MEMORY_H 1
| #define HAVE_STRINGS_H 1
| #define HAVE_INTTYPES_H 1
| #define HAVE_STDINT_H 1
| #define HAVE_UNISTD_H 1
| #define __EXTENSIONS__ 1
| #define _ALL_SOURCE 1
| #define _GNU_SOURCE 1
| #define _POSIX_PTHREAD_SEMANTICS 1
| #define _TANDEM_SOURCE 1
| #define HAVE_DLFCN_H 1
| #define LT_OBJDIR ".libs/"
| #define HAVE_ARPA_INET_H 1
| #define HAVE_BYTESWAP_H 1
| #define HAVE_ERRNO_H 1
| #define HAVE_FCNTL_H 1
| #define HAVE_LIMITS_H 1
| #define HAVE_LINUX_SERIAL_H 1
| #define HAVE_NETDB_H 1
| #define HAVE_NETINET_IN_H 1
| #define HAVE_NETINET_TCP_H 1
| #define HAVE_SYS_IOCTL_H 1
| #define HAVE_SYS_SOCKET_H 1
| #define HAVE_SYS_TIME_H 1
| #define HAVE_SYS_TYPES_H 1
| #define HAVE_TERMIOS_H 1
| #define HAVE_TIME_H 1
| #define HAVE_UNISTD_H 1
| /* end confdefs.h.  */
| #include <stdio.h>
| #ifdef HAVE_SYS_TYPES_H
| # include <sys/types.h>
| #endif
| #ifdef HAVE_SYS_STAT_H
| # include <sys/stat.h>
| #endif
| #ifdef STDC_HEADERS
| # include <stdlib.h>
| # include <stddef.h>
| #else
| # ifdef HAVE_STDLIB_H
| #  include <stdlib.h>
| # endif
| #endif
| #ifdef HAVE_STRING_H
| # if !defined STDC_HEADERS && defined HAVE_MEMORY_H
| #  include <memory.h>
| # endif
| # include <string.h>
| #endif
| #ifdef HAVE_STRINGS_H
| # include <strings.h>
| #endif
| #ifdef HAVE_INTTYPES_H
| # include <inttypes.h>
| #endif
| #ifdef HAVE_STDINT_H
| # include <stdint.h>
| #endif
| #ifdef HAVE_UNISTD_H
| # include <unistd.h>
| #endif
| int
| main ()
| {
| #ifndef __CYGWIN__
| #ifdef __cplusplus
|   (void) __CYGWIN__;
| #else
|   (void) __CYGWIN__;
| #endif
| #endif
| 
|   ;
|   return 0;
| }
configure:12896: result: no
configure:12912: checking for accept4
configure:12912: gcc -o conftest -g -O2   conftest.c  >&5
configure:12912: $? = 0
configure:12912: result: yes
configure:12912: checking for getaddrinfo
configure:12912: gcc -o conftest -g -O2   conftest.c  >&5
configure:12912: $? = 0
configure:12912: result: yes
configure:12912: checking for gettimeofday
configure:12912: gcc -o conftest -g -O2   conftest.c  >&5
configure:12912: $? = 0
configure:12912: result: yes
configure:12912: checking for inet_ntoa
configure:12912: gcc -o conftest -g -O2   conftest.c  >&5
configure:12912: $? = 0
configure:12912: result: yes
configure:12912: checking for select
configure:12912: gcc -o conftest -g -O2   conftest.c  >&5
configure:12912: $? = 0
configure:12912: result: yes
configure:12912: checking for socket
configure:12912: gcc -o conftest -g -O2   conftest.c  >&5
configure:12912: $? = 0
configure:12912: result: yes
configure:12912: checking for strerror
configure:12912: gcc -o conftest -g -O2   conftest.c  >&5
configure:12912: $? = 0
configure:12912: result: yes
configure:12912: checking for strlcpy
configure:12912: gcc -o conftest -g -O2   conftest.c  >&5
/home/linuxbrew/.linuxbrew/Homebrew/bin/ld: /tmp/ccQmb4s1.o: in function `main':
/root/iot/common/libmodbus-self/conftest.c:86: undefined reference to `strlcpy'
collect2: error: ld returned 1 exit status
configure:12912: $? = 1
configure: failed program was:
| /* confdefs.h */
| #define PACKAGE_NAME "libmodbus"
| #define PACKAGE_TARNAME "libmodbus"
| #define PACKAGE_VERSION "3.1.6"
| #define PACKAGE_STRING "libmodbus 3.1.6"
| #define PACKAGE_BUGREPORT "https://github.com/stephane/libmodbus/issues"
| #define PACKAGE_URL "http://libmodbus.org/"
| #define PACKAGE "libmodbus"
| #define VERSION "3.1.6"
| #define STDC_HEADERS 1
| #define HAVE_SYS_TYPES_H 1
| #define HAVE_SYS_STAT_H 1
| #define HAVE_STDLIB_H 1
| #define HAVE_STRING_H 1
| #define HAVE_MEMORY_H 1
| #define HAVE_STRINGS_H 1
| #define HAVE_INTTYPES_H 1
| #define HAVE_STDINT_H 1
| #define HAVE_UNISTD_H 1
| #define __EXTENSIONS__ 1
| #define _ALL_SOURCE 1
| #define _GNU_SOURCE 1
| #define _POSIX_PTHREAD_SEMANTICS 1
| #define _TANDEM_SOURCE 1
| #define HAVE_DLFCN_H 1
| #define LT_OBJDIR ".libs/"
| #define HAVE_ARPA_INET_H 1
| #define HAVE_BYTESWAP_H 1
| #define HAVE_ERRNO_H 1
| #define HAVE_FCNTL_H 1
| #define HAVE_LIMITS_H 1
| #define HAVE_LINUX_SERIAL_H 1
| #define HAVE_NETDB_H 1
| #define HAVE_NETINET_IN_H 1
| #define HAVE_NETINET_TCP_H 1
| #define HAVE_SYS_IOCTL_H 1
| #define HAVE_SYS_SOCKET_H 1
| #define HAVE_SYS_TIME_H 1
| #define HAVE_SYS_TYPES_H 1
| #define HAVE_TERMIOS_H 1
| #define HAVE_TIME_H 1
| #define HAVE_UNISTD_H 1
| #define HAVE_DECL___CYGWIN__ 0
| #define HAVE_ACCEPT4 1
| #define HAVE_GETADDRINFO 1
| #define HAVE_GETTIMEOFDAY 1
| #define HAVE_INET_NTOA 1
| #define HAVE_SELECT 1
| #define HAVE_SOCKET 1
| #define HAVE_STRERROR 1
| /* end confdefs.h.  */
| /* Define strlcpy to an innocuous variant, in case <limits.h> declares strlcpy.
|    For example, HP-UX 11i <limits.h> declares gettimeofday.  */
| #define strlcpy innocuous_strlcpy
| 
| /* System header to define __stub macros and hopefully few prototypes,
|     which can conflict with char strlcpy (); below.
|     Prefer <limits.h> to <assert.h> if __STDC__ is defined, since
|     <limits.h> exists even on freestanding compilers.  */
| 
| #ifdef __STDC__
| # include <limits.h>
| #else
| # include <assert.h>
| #endif
| 
| #undef strlcpy
| 
| /* Override any GCC internal prototype to avoid an error.
|    Use char because int might match the return type of a GCC
|    builtin and then its argument prototype would still apply.  */
| #ifdef __cplusplus
| extern "C"
| #endif
| char strlcpy ();
| /* The GNU C library defines this for functions which it implements
|     to always fail with ENOSYS.  Some functions are actually named
|     something starting with __ and the normal name is an alias.  */
| #if defined __stub_strlcpy || defined __stub___strlcpy
| choke me
| #endif
| 
| int
| main ()
| {
| return strlcpy ();
|   ;
|   return 0;
| }
configure:12912: result: no
configure:12928: checking for inline
configure:12944: gcc -c -g -O2  conftest.c >&5
configure:12944: $? = 0
configure:12952: result: inline
configure:13030: checking for g++
configure:13046: found /usr/local/bin/g++
configure:13057: result: g++
configure:13084: checking for C++ compiler version
configure:13093: g++ --version >&5
g++ (GCC) 6.1.0
Copyright (C) 2016 Free Software Foundation, Inc.
This is free software; see the source for copying conditions.  There is NO
warranty; not even for MERCHANTABILITY or FITNESS FOR A PARTICULAR PURPOSE.

configure:13104: $? = 0
configure:13093: g++ -v >&5
Using built-in specs.
COLLECT_GCC=g++
COLLECT_LTO_WRAPPER=/usr/local/libexec/gcc/x86_64-pc-linux-gnu/6.1.0/lto-wrapper
Target: x86_64-pc-linux-gnu
Configured with: ../gcc-6.1.0/configure -enable-checking=release -enable-languages=c,c++ -disable-multilib
Thread model: posix
gcc version 6.1.0 (GCC) 
configure:13104: $? = 0
configure:13093: g++ -V >&5
g++: error: unrecognized command line option '-V'
g++: fatal error: no input files
compilation terminated.
configure:13104: $? = 1
configure:13093: g++ -qversion >&5
g++: error: unrecognized command line option '-qversion'; did you mean '--version'?
g++: fatal error: no input files
compilation terminated.
configure:13104: $? = 1
configure:13108: checking whether we are using the GNU C++ compiler
configure:13127: g++ -c   conftest.cpp >&5
configure:13127: $? = 0
configure:13136: result: yes
configure:13145: checking whether g++ accepts -g
configure:13165: g++ -c -g  conftest.cpp >&5
configure:13165: $? = 0
configure:13206: result: yes
configure:13231: checking dependency style of g++
configure:13342: result: gcc3
configure:13375: checking how to run the C++ preprocessor
configure:13402: g++ -E  conftest.cpp
configure:13402: $? = 0
configure:13416: g++ -E  conftest.cpp
conftest.cpp:53:28: fatal error: ac_nonexistent.h: No such file or directory
 #include <ac_nonexistent.h>
                            ^
compilation terminated.
configure:13416: $? = 1
configure: failed program was:
| /* confdefs.h */
| #define PACKAGE_NAME "libmodbus"
| #define PACKAGE_TARNAME "libmodbus"
| #define PACKAGE_VERSION "3.1.6"
| #define PACKAGE_STRING "libmodbus 3.1.6"
| #define PACKAGE_BUGREPORT "https://github.com/stephane/libmodbus/issues"
| #define PACKAGE_URL "http://libmodbus.org/"
| #define PACKAGE "libmodbus"
| #define VERSION "3.1.6"
| #define STDC_HEADERS 1
| #define HAVE_SYS_TYPES_H 1
| #define HAVE_SYS_STAT_H 1
| #define HAVE_STDLIB_H 1
| #define HAVE_STRING_H 1
| #define HAVE_MEMORY_H 1
| #define HAVE_STRINGS_H 1
| #define HAVE_INTTYPES_H 1
| #define HAVE_STDINT_H 1
| #define HAVE_UNISTD_H 1
| #define __EXTENSIONS__ 1
| #define _ALL_SOURCE 1
| #define _GNU_SOURCE 1
| #define _POSIX_PTHREAD_SEMANTICS 1
| #define _TANDEM_SOURCE 1
| #define HAVE_DLFCN_H 1
| #define LT_OBJDIR ".libs/"
| #define HAVE_ARPA_INET_H 1
| #define HAVE_BYTESWAP_H 1
| #define HAVE_ERRNO_H 1
| #define HAVE_FCNTL_H 1
| #define HAVE_LIMITS_H 1
| #define HAVE_LINUX_SERIAL_H 1
| #define HAVE_NETDB_H 1
| #define HAVE_NETINET_IN_H 1
| #define HAVE_NETINET_TCP_H 1
| #define HAVE_SYS_IOCTL_H 1
| #define HAVE_SYS_SOCKET_H 1
| #define HAVE_SYS_TIME_H 1
| #define HAVE_SYS_TYPES_H 1
| #define HAVE_TERMIOS_H 1
| #define HAVE_TIME_H 1
| #define HAVE_UNISTD_H 1
| #define HAVE_DECL___CYGWIN__ 0
| #define HAVE_ACCEPT4 1
| #define HAVE_GETADDRINFO 1
| #define HAVE_GETTIMEOFDAY 1
| #define HAVE_INET_NTOA 1
| #define HAVE_SELECT 1
| #define HAVE_SOCKET 1
| #define HAVE_STRERROR 1
| #define WINVER 0x0501
| /* end confdefs.h.  */
| #include <ac_nonexistent.h>
configure:13441: result: g++ -E
configure:13461: g++ -E  conftest.cpp
configure:13461: $? = 0
configure:13475: g++ -E  conftest.cpp
conftest.cpp:53:28: fatal error: ac_nonexistent.h: No such file or directory
 #include <ac_nonexistent.h>
                            ^
compilation terminated.
configure:13475: $? = 1
configure: failed program was:
| /* confdefs.h */
| #define PACKAGE_NAME "libmodbus"
| #define PACKAGE_TARNAME "libmodbus"
| #define PACKAGE_VERSION "3.1.6"
| #define PACKAGE_STRING "libmodbus 3.1.6"
| #define PACKAGE_BUGREPORT "https://github.com/stephane/libmodbus/issues"
| #define PACKAGE_URL "http://libmodbus.org/"
| #define PACKAGE "libmodbus"
| #define VERSION "3.1.6"
| #define STDC_HEADERS 1
| #define HAVE_SYS_TYPES_H 1
| #define HAVE_SYS_STAT_H 1
| #define HAVE_STDLIB_H 1
| #define HAVE_STRING_H 1
| #define HAVE_MEMORY_H 1
| #define HAVE_STRINGS_H 1
| #define HAVE_INTTYPES_H 1
| #define HAVE_STDINT_H 1
| #define HAVE_UNISTD_H 1
| #define __EXTENSIONS__ 1
| #define _ALL_SOURCE 1
| #define _GNU_SOURCE 1
| #define _POSIX_PTHREAD_SEMANTICS 1
| #define _TANDEM_SOURCE 1
| #define HAVE_DLFCN_H 1
| #define LT_OBJDIR ".libs/"
| #define HAVE_ARPA_INET_H 1
| #define HAVE_BYTESWAP_H 1
| #define HAVE_ERRNO_H 1
| #define HAVE_FCNTL_H 1
| #define HAVE_LIMITS_H 1
| #define HAVE_LINUX_SERIAL_H 1
| #define HAVE_NETDB_H 1
| #define HAVE_NETINET_IN_H 1
| #define HAVE_NETINET_TCP_H 1
| #define HAVE_SYS_IOCTL_H 1
| #define HAVE_SYS_SOCKET_H 1
| #define HAVE_SYS_TIME_H 1
| #define HAVE_SYS_TYPES_H 1
| #define HAVE_TERMIOS_H 1
| #define HAVE_TIME_H 1
| #define HAVE_UNISTD_H 1
| #define HAVE_DECL___CYGWIN__ 0
| #define HAVE_ACCEPT4 1
| #define HAVE_GETADDRINFO 1
| #define HAVE_GETTIMEOFDAY 1
| #define HAVE_INET_NTOA 1
| #define HAVE_SELECT 1
| #define HAVE_SOCKET 1
| #define HAVE_STRERROR 1
| #define WINVER 0x0501
| /* end confdefs.h.  */
| #include <ac_nonexistent.h>
configure:13644: checking for ld used by g++
configure:13711: result: /home/linuxbrew/.linuxbrew/Homebrew/bin/ld -m elf_x86_64
configure:13718: checking if the linker (/home/linuxbrew/.linuxbrew/Homebrew/bin/ld -m elf_x86_64) is GNU ld
configure:13733: result: yes
configure:13788: checking whether the g++ linker (/home/linuxbrew/.linuxbrew/Homebrew/bin/ld -m elf_x86_64) supports shared libraries
configure:14793: result: yes
configure:14829: g++ -c -g -O2  conftest.cpp >&5
configure:14832: $? = 0
configure:15352: checking for g++ option to produce PIC
configure:15359: result: -fPIC -DPIC
configure:15367: checking if g++ PIC flag -fPIC -DPIC works
configure:15385: g++ -c -g -O2  -fPIC -DPIC -DPIC conftest.cpp >&5
configure:15389: $? = 0
configure:15402: result: yes
configure:15425: checking if g++ static flag -static works
configure:15453: result: no
configure:15465: checking if g++ supports -c -o file.o
configure:15486: g++ -c -g -O2  -o out/conftest2.o conftest.cpp >&5
configure:15490: $? = 0
configure:15512: result: yes
configure:15517: checking if g++ supports -c -o file.o
configure:15564: result: yes
configure:15594: checking whether the g++ linker (/home/linuxbrew/.linuxbrew/Homebrew/bin/ld -m elf_x86_64) supports shared libraries
configure:15630: result: yes
configure:15771: checking dynamic linker characteristics
configure:16442: result: GNU/Linux ld.so
configure:16495: checking how to hardcode library paths into programs
configure:16520: result: immediate
configure:16562: checking for int64_t
configure:16562: gcc -c -g -O2  conftest.c >&5
configure:16562: $? = 0
configure:16562: gcc -c -g -O2  conftest.c >&5
conftest.c: In function 'main':
conftest.c:91:53: warning: integer overflow in expression [-Woverflow]
    < (int64_t) (((((int64_t) 1 << N) << N) - 1) * 2 + 2))];
                                                     ^
conftest.c:90:12: error: storage size of 'test_array' isn't constant
 static int test_array [1 - 2 * !((int64_t) (((((int64_t) 1 << N) << N) - 1) * 2 + 1)
            ^~~~~~~~~~
configure:16562: $? = 1
configure: failed program was:
| /* confdefs.h */
| #define PACKAGE_NAME "libmodbus"
| #define PACKAGE_TARNAME "libmodbus"
| #define PACKAGE_VERSION "3.1.6"
| #define PACKAGE_STRING "libmodbus 3.1.6"
| #define PACKAGE_BUGREPORT "https://github.com/stephane/libmodbus/issues"
| #define PACKAGE_URL "http://libmodbus.org/"
| #define PACKAGE "libmodbus"
| #define VERSION "3.1.6"
| #define STDC_HEADERS 1
| #define HAVE_SYS_TYPES_H 1
| #define HAVE_SYS_STAT_H 1
| #define HAVE_STDLIB_H 1
| #define HAVE_STRING_H 1
| #define HAVE_MEMORY_H 1
| #define HAVE_STRINGS_H 1
| #define HAVE_INTTYPES_H 1
| #define HAVE_STDINT_H 1
| #define HAVE_UNISTD_H 1
| #define __EXTENSIONS__ 1
| #define _ALL_SOURCE 1
| #define _GNU_SOURCE 1
| #define _POSIX_PTHREAD_SEMANTICS 1
| #define _TANDEM_SOURCE 1
| #define HAVE_DLFCN_H 1
| #define LT_OBJDIR ".libs/"
| #define HAVE_ARPA_INET_H 1
| #define HAVE_BYTESWAP_H 1
| #define HAVE_ERRNO_H 1
| #define HAVE_FCNTL_H 1
| #define HAVE_LIMITS_H 1
| #define HAVE_LINUX_SERIAL_H 1
| #define HAVE_NETDB_H 1
| #define HAVE_NETINET_IN_H 1
| #define HAVE_NETINET_TCP_H 1
| #define HAVE_SYS_IOCTL_H 1
| #define HAVE_SYS_SOCKET_H 1
| #define HAVE_SYS_TIME_H 1
| #define HAVE_SYS_TYPES_H 1
| #define HAVE_TERMIOS_H 1
| #define HAVE_TIME_H 1
| #define HAVE_UNISTD_H 1
| #define HAVE_DECL___CYGWIN__ 0
| #define HAVE_ACCEPT4 1
| #define HAVE_GETADDRINFO 1
| #define HAVE_GETTIMEOFDAY 1
| #define HAVE_INET_NTOA 1
| #define HAVE_SELECT 1
| #define HAVE_SOCKET 1
| #define HAVE_STRERROR 1
| #define WINVER 0x0501
| /* end confdefs.h.  */
| #include <stdio.h>
| #ifdef HAVE_SYS_TYPES_H
| # include <sys/types.h>
| #endif
| #ifdef HAVE_SYS_STAT_H
| # include <sys/stat.h>
| #endif
| #ifdef STDC_HEADERS
| # include <stdlib.h>
| # include <stddef.h>
| #else
| # ifdef HAVE_STDLIB_H
| #  include <stdlib.h>
| # endif
| #endif
| #ifdef HAVE_STRING_H
| # if !defined STDC_HEADERS && defined HAVE_MEMORY_H
| #  include <memory.h>
| # endif
| # include <string.h>
| #endif
| #ifdef HAVE_STRINGS_H
| # include <strings.h>
| #endif
| #ifdef HAVE_INTTYPES_H
| # include <inttypes.h>
| #endif
| #ifdef HAVE_STDINT_H
| # include <stdint.h>
| #endif
| #ifdef HAVE_UNISTD_H
| # include <unistd.h>
| #endif
| 	        enum { N = 64 / 2 - 1 };
| int
| main ()
| {
| static int test_array [1 - 2 * !((int64_t) (((((int64_t) 1 << N) << N) - 1) * 2 + 1)
| 		 < (int64_t) (((((int64_t) 1 << N) << N) - 1) * 2 + 2))];
| test_array [0] = 0;
| return test_array [0];
| 
|   ;
|   return 0;
| }
configure:16562: result: yes
configure:16573: checking for size_t
configure:16573: gcc -c -g -O2  conftest.c >&5
configure:16573: $? = 0
configure:16573: gcc -c -g -O2  conftest.c >&5
conftest.c: In function 'main':
conftest.c:89:21: error: expected expression before ')' token
 if (sizeof ((size_t)))
                     ^
configure:16573: $? = 1
configure: failed program was:
| /* confdefs.h */
| #define PACKAGE_NAME "libmodbus"
| #define PACKAGE_TARNAME "libmodbus"
| #define PACKAGE_VERSION "3.1.6"
| #define PACKAGE_STRING "libmodbus 3.1.6"
| #define PACKAGE_BUGREPORT "https://github.com/stephane/libmodbus/issues"
| #define PACKAGE_URL "http://libmodbus.org/"
| #define PACKAGE "libmodbus"
| #define VERSION "3.1.6"
| #define STDC_HEADERS 1
| #define HAVE_SYS_TYPES_H 1
| #define HAVE_SYS_STAT_H 1
| #define HAVE_STDLIB_H 1
| #define HAVE_STRING_H 1
| #define HAVE_MEMORY_H 1
| #define HAVE_STRINGS_H 1
| #define HAVE_INTTYPES_H 1
| #define HAVE_STDINT_H 1
| #define HAVE_UNISTD_H 1
| #define __EXTENSIONS__ 1
| #define _ALL_SOURCE 1
| #define _GNU_SOURCE 1
| #define _POSIX_PTHREAD_SEMANTICS 1
| #define _TANDEM_SOURCE 1
| #define HAVE_DLFCN_H 1
| #define LT_OBJDIR ".libs/"
| #define HAVE_ARPA_INET_H 1
| #define HAVE_BYTESWAP_H 1
| #define HAVE_ERRNO_H 1
| #define HAVE_FCNTL_H 1
| #define HAVE_LIMITS_H 1
| #define HAVE_LINUX_SERIAL_H 1
| #define HAVE_NETDB_H 1
| #define HAVE_NETINET_IN_H 1
| #define HAVE_NETINET_TCP_H 1
| #define HAVE_SYS_IOCTL_H 1
| #define HAVE_SYS_SOCKET_H 1
| #define HAVE_SYS_TIME_H 1
| #define HAVE_SYS_TYPES_H 1
| #define HAVE_TERMIOS_H 1
| #define HAVE_TIME_H 1
| #define HAVE_UNISTD_H 1
| #define HAVE_DECL___CYGWIN__ 0
| #define HAVE_ACCEPT4 1
| #define HAVE_GETADDRINFO 1
| #define HAVE_GETTIMEOFDAY 1
| #define HAVE_INET_NTOA 1
| #define HAVE_SELECT 1
| #define HAVE_SOCKET 1
| #define HAVE_STRERROR 1
| #define WINVER 0x0501
| /* end confdefs.h.  */
| #include <stdio.h>
| #ifdef HAVE_SYS_TYPES_H
| # include <sys/types.h>
| #endif
| #ifdef HAVE_SYS_STAT_H
| # include <sys/stat.h>
| #endif
| #ifdef STDC_HEADERS
| # include <stdlib.h>
| # include <stddef.h>
| #else
| # ifdef HAVE_STDLIB_H
| #  include <stdlib.h>
| # endif
| #endif
| #ifdef HAVE_STRING_H
| # if !defined STDC_HEADERS && defined HAVE_MEMORY_H
| #  include <memory.h>
| # endif
| # include <string.h>
| #endif
| #ifdef HAVE_STRINGS_H
| # include <strings.h>
| #endif
| #ifdef HAVE_INTTYPES_H
| # include <inttypes.h>
| #endif
| #ifdef HAVE_STDINT_H
| # include <stdint.h>
| #endif
| #ifdef HAVE_UNISTD_H
| # include <unistd.h>
| #endif
| int
| main ()
| {
| if (sizeof ((size_t)))
| 	    return 0;
|   ;
|   return 0;
| }
configure:16573: result: yes
configure:16584: checking for ssize_t
configure:16584: gcc -c -g -O2  conftest.c >&5
configure:16584: $? = 0
configure:16584: gcc -c -g -O2  conftest.c >&5
conftest.c: In function 'main':
conftest.c:89:22: error: expected expression before ')' token
 if (sizeof ((ssize_t)))
                      ^
configure:16584: $? = 1
configure: failed program was:
| /* confdefs.h */
| #define PACKAGE_NAME "libmodbus"
| #define PACKAGE_TARNAME "libmodbus"
| #define PACKAGE_VERSION "3.1.6"
| #define PACKAGE_STRING "libmodbus 3.1.6"
| #define PACKAGE_BUGREPORT "https://github.com/stephane/libmodbus/issues"
| #define PACKAGE_URL "http://libmodbus.org/"
| #define PACKAGE "libmodbus"
| #define VERSION "3.1.6"
| #define STDC_HEADERS 1
| #define HAVE_SYS_TYPES_H 1
| #define HAVE_SYS_STAT_H 1
| #define HAVE_STDLIB_H 1
| #define HAVE_STRING_H 1
| #define HAVE_MEMORY_H 1
| #define HAVE_STRINGS_H 1
| #define HAVE_INTTYPES_H 1
| #define HAVE_STDINT_H 1
| #define HAVE_UNISTD_H 1
| #define __EXTENSIONS__ 1
| #define _ALL_SOURCE 1
| #define _GNU_SOURCE 1
| #define _POSIX_PTHREAD_SEMANTICS 1
| #define _TANDEM_SOURCE 1
| #define HAVE_DLFCN_H 1
| #define LT_OBJDIR ".libs/"
| #define HAVE_ARPA_INET_H 1
| #define HAVE_BYTESWAP_H 1
| #define HAVE_ERRNO_H 1
| #define HAVE_FCNTL_H 1
| #define HAVE_LIMITS_H 1
| #define HAVE_LINUX_SERIAL_H 1
| #define HAVE_NETDB_H 1
| #define HAVE_NETINET_IN_H 1
| #define HAVE_NETINET_TCP_H 1
| #define HAVE_SYS_IOCTL_H 1
| #define HAVE_SYS_SOCKET_H 1
| #define HAVE_SYS_TIME_H 1
| #define HAVE_SYS_TYPES_H 1
| #define HAVE_TERMIOS_H 1
| #define HAVE_TIME_H 1
| #define HAVE_UNISTD_H 1
| #define HAVE_DECL___CYGWIN__ 0
| #define HAVE_ACCEPT4 1
| #define HAVE_GETADDRINFO 1
| #define HAVE_GETTIMEOFDAY 1
| #define HAVE_INET_NTOA 1
| #define HAVE_SELECT 1
| #define HAVE_SOCKET 1
| #define HAVE_STRERROR 1
| #define WINVER 0x0501
| /* end confdefs.h.  */
| #include <stdio.h>
| #ifdef HAVE_SYS_TYPES_H
| # include <sys/types.h>
| #endif
| #ifdef HAVE_SYS_STAT_H
| # include <sys/stat.h>
| #endif
| #ifdef STDC_HEADERS
| # include <stdlib.h>
| # include <stddef.h>
| #else
| # ifdef HAVE_STDLIB_H
| #  include <stdlib.h>
| # endif
| #endif
| #ifdef HAVE_STRING_H
| # if !defined STDC_HEADERS && defined HAVE_MEMORY_H
| #  include <memory.h>
| # endif
| # include <string.h>
| #endif
| #ifdef HAVE_STRINGS_H
| # include <strings.h>
| #endif
| #ifdef HAVE_INTTYPES_H
| # include <inttypes.h>
| #endif
| #ifdef HAVE_STDINT_H
| # include <stdint.h>
| #endif
| #ifdef HAVE_UNISTD_H
| # include <unistd.h>
| #endif
| int
| main ()
| {
| if (sizeof ((ssize_t)))
| 	    return 0;
|   ;
|   return 0;
| }
configure:16584: result: yes
configure:16595: checking for uint16_t
configure:16595: gcc -c -g -O2  conftest.c >&5
configure:16595: $? = 0
configure:16595: result: yes
configure:16607: checking for uint32_t
configure:16607: gcc -c -g -O2  conftest.c >&5
configure:16607: $? = 0
configure:16607: result: yes
configure:16621: checking for uint8_t
configure:16621: gcc -c -g -O2  conftest.c >&5
configure:16621: $? = 0
configure:16621: result: yes
configure:16640: checking winsock2.h usability
configure:16640: gcc -c -g -O2  conftest.c >&5
conftest.c:86:22: fatal error: winsock2.h: No such file or directory
 #include <winsock2.h>
                      ^
compilation terminated.
configure:16640: $? = 1
configure: failed program was:
| /* confdefs.h */
| #define PACKAGE_NAME "libmodbus"
| #define PACKAGE_TARNAME "libmodbus"
| #define PACKAGE_VERSION "3.1.6"
| #define PACKAGE_STRING "libmodbus 3.1.6"
| #define PACKAGE_BUGREPORT "https://github.com/stephane/libmodbus/issues"
| #define PACKAGE_URL "http://libmodbus.org/"
| #define PACKAGE "libmodbus"
| #define VERSION "3.1.6"
| #define STDC_HEADERS 1
| #define HAVE_SYS_TYPES_H 1
| #define HAVE_SYS_STAT_H 1
| #define HAVE_STDLIB_H 1
| #define HAVE_STRING_H 1
| #define HAVE_MEMORY_H 1
| #define HAVE_STRINGS_H 1
| #define HAVE_INTTYPES_H 1
| #define HAVE_STDINT_H 1
| #define HAVE_UNISTD_H 1
| #define __EXTENSIONS__ 1
| #define _ALL_SOURCE 1
| #define _GNU_SOURCE 1
| #define _POSIX_PTHREAD_SEMANTICS 1
| #define _TANDEM_SOURCE 1
| #define HAVE_DLFCN_H 1
| #define LT_OBJDIR ".libs/"
| #define HAVE_ARPA_INET_H 1
| #define HAVE_BYTESWAP_H 1
| #define HAVE_ERRNO_H 1
| #define HAVE_FCNTL_H 1
| #define HAVE_LIMITS_H 1
| #define HAVE_LINUX_SERIAL_H 1
| #define HAVE_NETDB_H 1
| #define HAVE_NETINET_IN_H 1
| #define HAVE_NETINET_TCP_H 1
| #define HAVE_SYS_IOCTL_H 1
| #define HAVE_SYS_SOCKET_H 1
| #define HAVE_SYS_TIME_H 1
| #define HAVE_SYS_TYPES_H 1
| #define HAVE_TERMIOS_H 1
| #define HAVE_TIME_H 1
| #define HAVE_UNISTD_H 1
| #define HAVE_DECL___CYGWIN__ 0
| #define HAVE_ACCEPT4 1
| #define HAVE_GETADDRINFO 1
| #define HAVE_GETTIMEOFDAY 1
| #define HAVE_INET_NTOA 1
| #define HAVE_SELECT 1
| #define HAVE_SOCKET 1
| #define HAVE_STRERROR 1
| #define WINVER 0x0501
| /* end confdefs.h.  */
| #include <stdio.h>
| #ifdef HAVE_SYS_TYPES_H
| # include <sys/types.h>
| #endif
| #ifdef HAVE_SYS_STAT_H
| # include <sys/stat.h>
| #endif
| #ifdef STDC_HEADERS
| # include <stdlib.h>
| # include <stddef.h>
| #else
| # ifdef HAVE_STDLIB_H
| #  include <stdlib.h>
| # endif
| #endif
| #ifdef HAVE_STRING_H
| # if !defined STDC_HEADERS && defined HAVE_MEMORY_H
| #  include <memory.h>
| # endif
| # include <string.h>
| #endif
| #ifdef HAVE_STRINGS_H
| # include <strings.h>
| #endif
| #ifdef HAVE_INTTYPES_H
| # include <inttypes.h>
| #endif
| #ifdef HAVE_STDINT_H
| # include <stdint.h>
| #endif
| #ifdef HAVE_UNISTD_H
| # include <unistd.h>
| #endif
| #include <winsock2.h>
configure:16640: result: no
configure:16640: checking winsock2.h presence
configure:16640: gcc -E  conftest.c
conftest.c:53:22: fatal error: winsock2.h: No such file or directory
 #include <winsock2.h>
                      ^
compilation terminated.
configure:16640: $? = 1
configure: failed program was:
| /* confdefs.h */
| #define PACKAGE_NAME "libmodbus"
| #define PACKAGE_TARNAME "libmodbus"
| #define PACKAGE_VERSION "3.1.6"
| #define PACKAGE_STRING "libmodbus 3.1.6"
| #define PACKAGE_BUGREPORT "https://github.com/stephane/libmodbus/issues"
| #define PACKAGE_URL "http://libmodbus.org/"
| #define PACKAGE "libmodbus"
| #define VERSION "3.1.6"
| #define STDC_HEADERS 1
| #define HAVE_SYS_TYPES_H 1
| #define HAVE_SYS_STAT_H 1
| #define HAVE_STDLIB_H 1
| #define HAVE_STRING_H 1
| #define HAVE_MEMORY_H 1
| #define HAVE_STRINGS_H 1
| #define HAVE_INTTYPES_H 1
| #define HAVE_STDINT_H 1
| #define HAVE_UNISTD_H 1
| #define __EXTENSIONS__ 1
| #define _ALL_SOURCE 1
| #define _GNU_SOURCE 1
| #define _POSIX_PTHREAD_SEMANTICS 1
| #define _TANDEM_SOURCE 1
| #define HAVE_DLFCN_H 1
| #define LT_OBJDIR ".libs/"
| #define HAVE_ARPA_INET_H 1
| #define HAVE_BYTESWAP_H 1
| #define HAVE_ERRNO_H 1
| #define HAVE_FCNTL_H 1
| #define HAVE_LIMITS_H 1
| #define HAVE_LINUX_SERIAL_H 1
| #define HAVE_NETDB_H 1
| #define HAVE_NETINET_IN_H 1
| #define HAVE_NETINET_TCP_H 1
| #define HAVE_SYS_IOCTL_H 1
| #define HAVE_SYS_SOCKET_H 1
| #define HAVE_SYS_TIME_H 1
| #define HAVE_SYS_TYPES_H 1
| #define HAVE_TERMIOS_H 1
| #define HAVE_TIME_H 1
| #define HAVE_UNISTD_H 1
| #define HAVE_DECL___CYGWIN__ 0
| #define HAVE_ACCEPT4 1
| #define HAVE_GETADDRINFO 1
| #define HAVE_GETTIMEOFDAY 1
| #define HAVE_INET_NTOA 1
| #define HAVE_SELECT 1
| #define HAVE_SOCKET 1
| #define HAVE_STRERROR 1
| #define WINVER 0x0501
| /* end confdefs.h.  */
| #include <winsock2.h>
configure:16640: result: no
configure:16640: checking for winsock2.h
configure:16640: result: no
configure:16657: checking whether TIOCSRS485 is declared
configure:16657: gcc -c -g -O2  conftest.c >&5
configure:16657: $? = 0
configure:16657: result: yes
configure:16670: checking whether TIOCM_RTS is declared
configure:16670: gcc -c -g -O2  conftest.c >&5
configure:16670: $? = 0
configure:16670: result: yes
configure:16823: checking that generated files are newer than configure
configure:16829: result: done
configure:16872: creating ./config.status

## ---------------------- ##
## Running config.status. ##
## ---------------------- ##

This file was extended by libmodbus config.status 3.1.6, which was
generated by GNU Autoconf 2.69.  Invocation command line was

  CONFIG_FILES    = 
  CONFIG_HEADERS  = 
  CONFIG_LINKS    = 
  CONFIG_COMMANDS = 
  $ ./config.status 

on www.example.com

config.status:1202: creating Makefile
config.status:1202: creating src/Makefile
config.status:1202: creating src/modbus-version.h
config.status:1202: creating src/win32/modbus.dll.manifest
config.status:1202: creating tests/Makefile
config.status:1202: creating doc/Makefile
config.status:1202: creating libmodbus.pc
config.status:1202: creating config.h
config.status:1383: config.h is unchanged
config.status:1202: creating tests/unit-test.h
config.status:1383: tests/unit-test.h is unchanged
config.status:1431: executing depfiles commands
config.status:1431: executing libtool commands
configure:19389: result:
        libmodbus 3.1.6
        ===============

        prefix:                 /root/iot/common/libs/x64
        sysconfdir:             ${prefix}/etc
        libdir:                 ${exec_prefix}/lib
        includedir:             ${prefix}/include

        compiler:               gcc
        cflags:                 -g -O2
        ldflags:                

        documentation:          no
        tests:                  yes


## ---------------- ##
## Cache variables. ##
## ---------------- ##

ac_cv_build=x86_64-unknown-linux-gnu
ac_cv_c_compiler_gnu=yes
ac_cv_c_inline=inline
ac_cv_c_int64_t=yes
ac_cv_c_uint16_t=yes
ac_cv_c_uint32_t=yes
ac_cv_c_uint8_t=yes
ac_cv_cxx_compiler_gnu=yes
ac_cv_env_CCC_set=
ac_cv_env_CCC_value=
ac_cv_env_CC_set=
ac_cv_env_CC_value=
ac_cv_env_CFLAGS_set=
ac_cv_env_CFLAGS_value=
ac_cv_env_CPPFLAGS_set=
ac_cv_env_CPPFLAGS_value=
ac_cv_env_CPP_set=
ac_cv_env_CPP_value=
ac_cv_env_CXXCPP_set=
ac_cv_env_CXXCPP_value=
ac_cv_env_CXXFLAGS_set=
ac_cv_env_CXXFLAGS_value=
ac_cv_env_CXX_set=
ac_cv_env_CXX_value=
ac_cv_env_LDFLAGS_set=
ac_cv_env_LDFLAGS_value=
ac_cv_env_LIBS_set=
ac_cv_env_LIBS_value=
ac_cv_env_build_alias_set=
ac_cv_env_build_alias_value=
ac_cv_env_host_alias_set=
ac_cv_env_host_alias_value=
ac_cv_env_target_alias_set=
ac_cv_env_target_alias_value=
ac_cv_func_accept4=yes
ac_cv_func_getaddrinfo=yes
ac_cv_func_gettimeofday=yes
ac_cv_func_inet_ntoa=yes
ac_cv_func_select=yes
ac_cv_func_socket=yes
ac_cv_func_strerror=yes
ac_cv_func_strlcpy=no
ac_cv_have_decl_TIOCM_RTS=yes
ac_cv_have_decl_TIOCSRS485=yes
ac_cv_have_decl___CYGWIN__=no
ac_cv_header_arpa_inet_h=yes
ac_cv_header_byteswap_h=yes
ac_cv_header_dlfcn_h=yes
ac_cv_header_errno_h=yes
ac_cv_header_fcntl_h=yes
ac_cv_header_inttypes_h=yes
ac_cv_header_limits_h=yes
ac_cv_header_linux_serial_h=yes
ac_cv_header_memory_h=yes
ac_cv_header_minix_config_h=no
ac_cv_header_netdb_h=yes
ac_cv_header_netinet_in_h=yes
ac_cv_header_netinet_tcp_h=yes
ac_cv_header_stdc=yes
ac_cv_header_stdint_h=yes
ac_cv_header_stdlib_h=yes
ac_cv_header_string_h=yes
ac_cv_header_strings_h=yes
ac_cv_header_sys_ioctl_h=yes
ac_cv_header_sys_params_h=no
ac_cv_header_sys_socket_h=yes
ac_cv_header_sys_stat_h=yes
ac_cv_header_sys_time_h=yes
ac_cv_header_sys_types_h=yes
ac_cv_header_termios_h=yes
ac_cv_header_time_h=yes
ac_cv_header_unistd_h=yes
ac_cv_header_winsock2_h=no
ac_cv_host=x86_64-unknown-linux-gnu
ac_cv_objext=o
ac_cv_path_EGREP='/usr/bin/grep -E'
ac_cv_path_FGREP='/usr/bin/grep -F'
ac_cv_path_GREP=/usr/bin/grep
ac_cv_path_SED=/usr/bin/sed
ac_cv_path_install='/usr/bin/install -c'
ac_cv_path_mkdir=/usr/bin/mkdir
ac_cv_prog_AWK=gawk
ac_cv_prog_CPP='gcc -E'
ac_cv_prog_CXXCPP='g++ -E'
ac_cv_prog_ac_ct_AR=ar
ac_cv_prog_ac_ct_CC=gcc
ac_cv_prog_ac_ct_CXX=g++
ac_cv_prog_ac_ct_DLLTOOL=dlltool
ac_cv_prog_ac_ct_OBJDUMP=objdump
ac_cv_prog_ac_ct_RANLIB=ranlib
ac_cv_prog_ac_ct_STRIP=strip
ac_cv_prog_ac_libmodbus_have_asciidoc=no
ac_cv_prog_ac_libmodbus_have_xmlto=no
ac_cv_prog_cc_c89=
ac_cv_prog_cc_c99=
ac_cv_prog_cc_g=yes
ac_cv_prog_cc_stdc=
ac_cv_prog_cxx_g=yes
ac_cv_prog_make_make_set=yes
ac_cv_safe_to_define___extensions__=yes
ac_cv_sys_file_offset_bits=no
ac_cv_sys_largefile_CC=no
ac_cv_type_size_t=yes
ac_cv_type_ssize_t=yes
am_cv_CC_dependencies_compiler_type=gcc3
am_cv_CXX_dependencies_compiler_type=gcc3
am_cv_make_support_nested_variables=yes
am_cv_prog_tar_pax=gnutar
lt_cv_ar_at_file=@
lt_cv_archive_cmds_need_lc=no
lt_cv_deplibs_check_method=pass_all
lt_cv_file_magic_cmd='$MAGIC_CMD'
lt_cv_file_magic_test_file=
lt_cv_ld_reload_flag=-r
lt_cv_nm_interface='BSD nm'
lt_cv_objdir=.libs
lt_cv_path_LD=/home/linuxbrew/.linuxbrew/Homebrew/bin/ld
lt_cv_path_LDCXX='/home/linuxbrew/.linuxbrew/Homebrew/bin/ld -m elf_x86_64'
lt_cv_path_NM='/home/linuxbrew/.linuxbrew/Homebrew/bin/nm -B'
lt_cv_path_mainfest_tool=no
lt_cv_prog_compiler_c_o=yes
lt_cv_prog_compiler_c_o_CXX=yes
lt_cv_prog_compiler_pic='-fPIC -DPIC'
lt_cv_prog_compiler_pic_CXX='-fPIC -DPIC'
lt_cv_prog_compiler_pic_works=yes
lt_cv_prog_compiler_pic_works_CXX=yes
lt_cv_prog_compiler_rtti_exceptions=no
lt_cv_prog_compiler_static_works=no
lt_cv_prog_compiler_static_works_CXX=no
lt_cv_prog_gnu_ld=yes
lt_cv_prog_gnu_ldcxx=yes
lt_cv_sharedlib_from_linklib_cmd='printf %s\n'
lt_cv_shlibpath_overrides_runpath=no
lt_cv_sys_global_symbol_pipe='sed -n -e '\''s/^.*[	 ]\([ABCDGIRSTW][ABCDGIRSTW]*\)[	 ][	 ]*\([_A-Za-z][_A-Za-z0-9]*\)$/\1 \2 \2/p'\'' | sed '\''/ __gnu_lto/d'\'''
lt_cv_sys_global_symbol_to_c_name_address='sed -n -e '\''s/^: \([^ ]*\)[ ]*$/  {\"\1\", (void *) 0},/p'\'' -e '\''s/^[ABCDGIRSTW]* \([^ ]*\) \([^ ]*\)$/  {"\2", (void *) \&\2},/p'\'''
lt_cv_sys_global_symbol_to_c_name_address_lib_prefix='sed -n -e '\''s/^: \([^ ]*\)[ ]*$/  {\"\1\", (void *) 0},/p'\'' -e '\''s/^[ABCDGIRSTW]* \([^ ]*\) \(lib[^ ]*\)$/  {"\2", (void *) \&\2},/p'\'' -e '\''s/^[ABCDGIRSTW]* \([^ ]*\) \([^ ]*\)$/  {"lib\2", (void *) \&\2},/p'\'''
lt_cv_sys_global_symbol_to_cdecl='sed -n -e '\''s/^T .* \(.*\)$/extern int \1();/p'\'' -e '\''s/^[ABCDGIRSTW]* .* \(.*\)$/extern char \1;/p'\'''
lt_cv_sys_max_cmd_len=1572864
lt_cv_to_host_file_cmd=func_convert_file_noop
lt_cv_to_tool_file_cmd=func_convert_file_noop

## ----------------- ##
## Output variables. ##
## ----------------- ##

ACLOCAL='${SHELL} /root/iot/common/libmodbus-self/build-aux/missing aclocal-1.13'
AMDEPBACKSLASH='\'
AMDEP_FALSE='#'
AMDEP_TRUE=''
AMTAR='$${TAR-tar}'
AM_BACKSLASH='\'
AM_DEFAULT_V='$(AM_DEFAULT_VERBOSITY)'
AM_DEFAULT_VERBOSITY='0'
AM_V='$(V)'
AR='ar'
AS='as'
AUTOCONF='${SHELL} /root/iot/common/libmodbus-self/build-aux/missing autoconf'
AUTOHEADER='${SHELL} /root/iot/common/libmodbus-self/build-aux/missing autoheader'
AUTOMAKE='${SHELL} /root/iot/common/libmodbus-self/build-aux/missing automake-1.13'
AWK='gawk'
BUILD_DOC_FALSE=''
BUILD_DOC_TRUE='#'
BUILD_TESTS_FALSE='#'
BUILD_TESTS_TRUE=''
CC='gcc'
CCDEPMODE='depmode=gcc3'
CFLAGS='-g -O2'
CPP='gcc -E'
CPPFLAGS=''
CXX='g++'
CXXCPP='g++ -E'
CXXDEPMODE='depmode=gcc3'
CXXFLAGS='-g -O2'
CYGPATH_W='echo'
DEFS='-DHAVE_CONFIG_H'
DEPDIR='.deps'
DLLTOOL='dlltool'
DSYMUTIL=''
DUMPBIN=''
ECHO_C=''
ECHO_N='-n'
ECHO_T=''
EGREP='/usr/bin/grep -E'
EXEEXT=''
FGREP='/usr/bin/grep -F'
GREP='/usr/bin/grep'
INSTALL_DATA='${INSTALL} -m 644'
INSTALL_PROGRAM='${INSTALL}'
INSTALL_SCRIPT='${INSTALL}'
INSTALL_STRIP_PROGRAM='$(install_sh) -c -s'
LD='/home/linuxbrew/.linuxbrew/Homebrew/bin/ld -m elf_x86_64'
LDFLAGS=''
LIBMODBUS_LT_VERSION_INFO='6:0:1'
LIBMODBUS_VERSION='3.1.6'
LIBMODBUS_VERSION_MAJOR='3'
LIBMODBUS_VERSION_MICRO='6'
LIBMODBUS_VERSION_MINOR='1'
LIBOBJS=''
LIBS=''
LIBTOOL='$(SHELL) $(top_builddir)/libtool'
LIPO=''
LN_S='ln -s'
LTLIBOBJS=''
MAKEINFO='${SHELL} /root/iot/common/libmodbus-self/build-aux/missing makeinfo'
MANIFEST_TOOL=':'
MKDIR_P='/usr/bin/mkdir -p'
NM='/home/linuxbrew/.linuxbrew/Homebrew/bin/nm -B'
NMEDIT=''
OBJDUMP='objdump'
OBJEXT='o'
OS_QNX_FALSE=''
OS_QNX_TRUE='#'
OS_WIN32_FALSE=''
OS_WIN32_TRUE='#'
OTOOL64=''
OTOOL=''
PACKAGE='libmodbus'
PACKAGE_BUGREPORT='https://github.com/stephane/libmodbus/issues'
PACKAGE_NAME='libmodbus'
PACKAGE_STRING='libmodbus 3.1.6'
PACKAGE_TARNAME='libmodbus'
PACKAGE_URL='http://libmodbus.org/'
PACKAGE_VERSION='3.1.6'
PATH_SEPARATOR=':'
RANLIB='ranlib'
SED='/usr/bin/sed'
SET_MAKE=''
SHELL='/bin/sh'
STRIP='strip'
VERSION='3.1.6'
ac_ct_AR='ar'
ac_ct_CC='gcc'
ac_ct_CXX='g++'
ac_ct_DUMPBIN=''
ac_libmodbus_have_asciidoc='no'
ac_libmodbus_have_xmlto='no'
am__EXEEXT_FALSE=''
am__EXEEXT_TRUE='#'
am__fastdepCC_FALSE='#'
am__fastdepCC_TRUE=''
am__fastdepCXX_FALSE='#'
am__fastdepCXX_TRUE=''
am__include='include'
am__isrc=''
am__leading_dot='.'
am__nodep='_no'
am__quote=''
am__tar='tar --format=posix -chf - "$$tardir"'
am__untar='tar -xf -'
bindir='${exec_prefix}/bin'
build='x86_64-unknown-linux-gnu'
build_alias=''
build_cpu='x86_64'
build_os='linux-gnu'
build_vendor='unknown'
datadir='${datarootdir}'
datarootdir='${prefix}/share'
docdir='${datarootdir}/doc/${PACKAGE_TARNAME}'
dvidir='${docdir}'
exec_prefix='${prefix}'
host='x86_64-unknown-linux-gnu'
host_alias=''
host_cpu='x86_64'
host_os='linux-gnu'
host_vendor='unknown'
htmldir='${docdir}'
includedir='${prefix}/include'
infodir='${datarootdir}/info'
install_sh='${SHELL} /root/iot/common/libmodbus-self/build-aux/install-sh'
libdir='${exec_prefix}/lib'
libexecdir='${exec_prefix}/libexec'
localedir='${datarootdir}/locale'
localstatedir='${prefix}/var'
mandir='${datarootdir}/man'
mkdir_p='$(MKDIR_P)'
my_CFLAGS='-Wall -Wmissing-declarations -Wmissing-prototypes -Wnested-externs -Wpointer-arith -Wpointer-arith -Wsign-compare -Wchar-subscripts -Wstrict-prototypes -Wshadow -Wformat-security'
oldincludedir='/usr/include'
pdfdir='${docdir}'
prefix='/root/iot/common/libs/x64'
program_transform_name='s,x,x,'
psdir='${docdir}'
sbindir='${exec_prefix}/sbin'
sharedstatedir='${prefix}/com'
sysconfdir='${prefix}/etc'
target_alias=''

## ----------- ##
## confdefs.h. ##
## ----------- ##

/* confdefs.h */
#define PACKAGE_NAME "libmodbus"
#define PACKAGE_TARNAME "libmodbus"
#define PACKAGE_VERSION "3.1.6"
#define PACKAGE_STRING "libmodbus 3.1.6"
#define PACKAGE_BUGREPORT "https://github.com/stephane/libmodbus/issues"
#define PACKAGE_URL "http://libmodbus.org/"
#define PACKAGE "libmodbus"
#define VERSION "3.1.6"
#define STDC_HEADERS 1
#define HAVE_SYS_TYPES_H 1
#define HAVE_SYS_STAT_H 1
#define HAVE_STDLIB_H 1
#define HAVE_STRING_H 1
#define HAVE_MEMORY_H 1
#define HAVE_STRINGS_H 1
#define HAVE_INTTYPES_H 1
#define HAVE_STDINT_H 1
#define HAVE_UNISTD_H 1
#define __EXTENSIONS__ 1
#define _ALL_SOURCE 1
#define _GNU_SOURCE 1
#define _POSIX_PTHREAD_SEMANTICS 1
#define _TANDEM_SOURCE 1
#define HAVE_DLFCN_H 1
#define LT_OBJDIR ".libs/"
#define HAVE_ARPA_INET_H 1
#define HAVE_BYTESWAP_H 1
#define HAVE_ERRNO_H 1
#define HAVE_FCNTL_H 1
#define HAVE_LIMITS_H 1
#define HAVE_LINUX_SERIAL_H 1
#define HAVE_NETDB_H 1
#define HAVE_NETINET_IN_H 1
#define HAVE_NETINET_TCP_H 1
#define HAVE_SYS_IOCTL_H 1
#define HAVE_SYS_SOCKET_H 1
#define HAVE_SYS_TIME_H 1
#define HAVE_SYS_TYPES_H 1
#define HAVE_TERMIOS_H 1
#define HAVE_TIME_H 1
#define HAVE_UNISTD_H 1
#define HAVE_DECL___CYGWIN__ 0
#define HAVE_ACCEPT4 1
#define HAVE_GETADDRINFO 1
#define HAVE_GETTIMEOFDAY 1
#define HAVE_INET_NTOA 1
#define HAVE_SELECT 1
#define HAVE_SOCKET 1
#define HAVE_STRERROR 1
#define WINVER 0x0501
#define HAVE_DECL_TIOCSRS485 1
#define HAVE_DECL_TIOCM_RTS 1

configure: exit 0

## ---------------------- ##
## Running config.status. ##
## ---------------------- ##

This file was extended by libmodbus config.status 3.1.6, which was
generated by GNU Autoconf 2.69.  Invocation command line was

  CONFIG_FILES    = 
  CONFIG_HEADERS  = 
  CONFIG_LINKS    = 
  CONFIG_COMMANDS = 
  $ ./config.status src/Makefile depfiles

on www.example.com

config.status:1202: creating src/Makefile
config.status:1431: executing depfiles commands

## ---------------------- ##
## Running config.status. ##
## ---------------------- ##

This file was extended by libmodbus config.status 3.1.6, which was
generated by GNU Autoconf 2.69.  Invocation command line was

  CONFIG_FILES    = 
  CONFIG_HEADERS  = 
  CONFIG_LINKS    = 
  CONFIG_COMMANDS = 
  $ ./config.status libmodbus.pc

on www.example.com

config.status:1202: creating libmodbus.pc

## ---------------------- ##
## Running config.status. ##
## ---------------------- ##

This file was extended by libmodbus config.status 3.1.6, which was
generated by GNU Autoconf 2.69.  Invocation command line was

  CONFIG_FILES    = 
  CONFIG_HEADERS  = 
  CONFIG_LINKS    = 
  CONFIG_COMMANDS = 
  $ ./config.status libmodbus.pc

on www.example.com

config.status:1202: creating libmodbus.pc
